- -             [ Msg , null, "00:00:00.074", "/src/main.cc", 119, "display_version" ]
  - This is Flow123d, version 3.9.0 commit: df80dc6
- -             [ Msg , null, "00:00:00.074", "/src/main.cc", 121, "display_version" ]
  - |
    Branch: 3.9.1
    Build: Aug 22 2022, 12:57:04 flags: -O3 -DNDEBUG -std=c++14 -pedantic -Wall -Wextra -Werror     -Wno-catch-value -Wno-deprecated-copy -Wno-misleading-indentation -Wno-implicit-fallthrough     -Wno-vla -Wno-unused-local-typedefs -Wno-deprecated-declarations
    Fetch URL:  https://github.com/flow123d/flow123d
- -             [ Msg , null, "00:00:00.132", "/src/io/msh_gmshreader.cc", 58, "read_nodes" ]
  - - Reading nodes...
- -             [ Msg , null, "00:00:00.151", "/src/io/msh_gmshreader.cc", 85, "read_nodes" ]
  - ... 4870 nodes read. 
- -             [ Msg , null, "00:00:00.152", "/src/io/msh_gmshreader.cc", 91, "read_elements" ]
  - - Reading elements...
- -             [ Msg , null, "00:00:00.183", "/src/io/msh_gmshreader.cc", 159, "read_elements" ]
  - ... 11152 bulk elements, 186 boundary elements. 
- -             [ Wrn , null, "00:00:00.208", "/src/mesh/mesh.cc", 655, "make_neighbours_and_edges" ]
  - Lonely boundary element, id: 4, region: 9, dimension 0.
- -             [ Msg , null, "00:00:00.212", "/src/mesh/mesh.cc", 808, "make_neighbours_and_edges" ]
  - Created 17532 edges and 3115 neighbours.
- -             [ Msg , null, "00:00:00.239", "/src/mesh/bc_mesh.cc", 203, "make_neighbours_and_edges" ]
  - Created 187 edges and 87 neighbours on boundary mesh.
- -             [ Msg , null, "00:00:00.240", "/src/mesh/mesh.cc", 1048, "check_and_finish" ]
  - |
    ----------- Table of all regions: -----------
     - Boundary elementary regions -
    name                  id dim
    .IMPLICIT_BOUNDARY4294967293  10
    .side_x0               3   1
    .side_x0_fractures     9   0
    .side_x1               4   1
    .side_x1_fractures    10   0
    .side_y0               1   1
    .side_y0_fractures     7   0
    .side_y1               2   1
    .side_y1_fractures     8   0
    
     - Bulk elementary regions -
    name                  id dim
    fractures              6   1
    rock                   5   2
    
     - Sets of regions -
    name              contains regions
    .BOUNDARY         [".side_y0_fractures", ".side_y1_fractures", ".side_x0_fractures", ".side_x1_fractures", ".side_y0", ".side_y1", ".side_x0", ".side_x1", ".IMPLICIT_BOUNDARY"]
    ALL               [".side_y0_fractures", ".side_y1_fractures", ".side_x0_fractures", ".side_x1_fractures", ".side_y0", ".side_y1", ".side_x0", ".side_x1", "fractures", "rock", ".IMPLICIT_BOUNDARY"]
    BULK              ["fractures", "rock"]
    ---------------------------------------------
    
- -             [ Log , null, "00:00:00.306", "/src/io/output_vtk.cc", 107, "init_from_input" ]
  - Writing flow output file: /C/Plocha/Bachelor_thesis/Python_scripts/Raw_data/Dependence_on_xi_eta_beta/Dependence_on_beta/case_beta_pos_0_13/tensor/simulation_output/mechanics.pvd ... 
- -             [ Log , null, "00:00:00.313", "/src/io/output_vtk.cc", 584, "write_head" ]
  - write_head: Writing output file (head) /C/Plocha/Bachelor_thesis/Python_scripts/Raw_data/Dependence_on_xi_eta_beta/Dependence_on_beta/case_beta_pos_0_13/tensor/simulation_output/mechanics.pvd ... 
- -             [ Log , null, "00:00:00.314", "/src/io/output_vtk.cc", 590, "write_head" ]
  - O.K.
- -             [ Wrn , null, "00:00:00.377", "/src/io/output_time.cc", 161, "fix_main_file_extension" ]
  - Renaming output file: /C/Plocha/Bachelor_thesis/Python_scripts/Raw_data/Dependence_on_xi_eta_beta/Dependence_on_beta/case_beta_pos_0_13/tensor/simulation_output/flow_fields to /C/Plocha/Bachelor_thesis/Python_scripts/Raw_data/Dependence_on_xi_eta_beta/Dependence_on_beta/case_beta_pos_0_13/tensor/simulation_output/flow_fields.pvd
- -             [ Log , null, "00:00:00.379", "/src/io/output_vtk.cc", 107, "init_from_input" ]
  - Writing flow output file: /C/Plocha/Bachelor_thesis/Python_scripts/Raw_data/Dependence_on_xi_eta_beta/Dependence_on_beta/case_beta_pos_0_13/tensor/simulation_output/flow_fields.pvd ... 
- -             [ Log , null, "00:00:00.380", "/src/io/output_vtk.cc", 584, "write_head" ]
  - write_head: Writing output file (head) /C/Plocha/Bachelor_thesis/Python_scripts/Raw_data/Dependence_on_xi_eta_beta/Dependence_on_beta/case_beta_pos_0_13/tensor/simulation_output/flow_fields.pvd ... 
- -             [ Log , null, "00:00:00.381", "/src/io/output_vtk.cc", 590, "write_head" ]
  - O.K.
- -             [ Wrn , null, "00:00:00.487", "/src/coupling/hm_iterative.cc", 245, "HM_Iterative" ]
  - |
    
    Used default values of Fields for equation flow:
    ----------------------------------------------------------------------------------------------------
     Field name                     Default value       Apply on regions
     anisotropy                     1.0                 fractures rock
     cross_section                  1.0                 rock
     conductivity                   1.0                 fractures rock
     sigma                          1.0                 fractures rock
     water_source_density           0.0                 fractures rock
     init_pressure                  0.0                 fractures rock
     storativity                    0.0                 fractures rock
     extra_storativity              0.0                 fractures rock
     extra_water_source_density     0.0                 fractures rock
     init_piezo_head                0.0                 fractures rock
     bc_piezo_head                  0.0                 .side_y0_fractures .side_y1_fractures .side_x0_fractures .side_x1_fractures .side_y0 .side_y1 .side_x0 .side_x1 .IMPLICIT_BOUNDARY
     bc_switch_piezo_head           0.0                 .side_y0_fractures .side_y1_fractures .side_x0_fractures .side_x1_fractures .side_y0 .side_y1 .side_x0 .side_x1 .IMPLICIT_BOUNDARY
    ----------------------------------------------------------------------------------------------------
    
- -             [ Wrn , null, "00:00:00.505", "/src/coupling/hm_iterative.cc", 287, "zero_time_step" ]
  - |
    
    Used default values of Fields for equation coupling_iterative:
    ----------------------------------------------------------------------------------------------------
     Field name                     Default value       Apply on regions
     biot_alpha                     0.0                 fractures rock
     fluid_density                  0.0                 fractures rock
     gravity                        9.81                fractures rock
    ----------------------------------------------------------------------------------------------------
    
- -             [ Msg , null, "00:00:00.555", "/src/flow/darcy_flow_lmh.cc", 490, "zero_time_step" ]
  - Flow zero time step - steady case
- -             [ Msg , null, "00:00:00.646", "/src/flow/darcy_flow_lmh.cc", 598, "solve_nonlinear" ]
  - [nonlinear solver] norm of initial residual: 0
- -             [ Log , null, "00:00:00.646", "/src/la/linsys_PETSC.cc", 371, "solve" ]
  - inserting petsc options: -ksp_type cg -pc_type icc  -pc_factor_levels 3 -ksp_diagonal_scale -ksp_diagonal_scale_fix -pc_factor_fill 6.0
- -             [ Log , null, "00:00:00.664", "/src/la/linsys_PETSC.cc", 409, "solve" ]
  - convergence reason 3, number of iterations is 0
- -             [ Msg , null, "00:00:00.664", "/src/flow/darcy_flow_lmh.cc", 642, "solve_nonlinear" ]
  - [schur solver] lin. it: 0, reason: 3, residual: 0
- -             [ Msg , null, "00:00:00.665", "/src/flow/darcy_flow_lmh.cc", 651, "solve_nonlinear" ]
  - [nonlinear solver] lin. it: 0, reason: 3, residual: 0
- -             [ Log , null, "00:00:00.677", "/src/io/output_time.cc", 229, "write_time_frame" ]
  - Skipping output stream: /C/Plocha/Bachelor_thesis/Python_scripts/Raw_data/Dependence_on_xi_eta_beta/Dependence_on_beta/case_beta_pos_0_13/tensor/simulation_output/flow_fields.pvd in time: -1
- -             [ Wrn , null, "00:00:00.691", "/src/mechanics/elasticity.cc", 499, "zero_time_step" ]
  - |
    
    Used default values of Fields for equation mechanics:
    ----------------------------------------------------------------------------------------------------
     Field name                     Default value       Apply on regions
     bc_type                        "traction"          .IMPLICIT_BOUNDARY
     bc_displacement                0.0                 .IMPLICIT_BOUNDARY
     bc_traction                    0.0                 .side_y0_fractures .side_y1_fractures .side_x0_fractures .side_x1_fractures .side_y0 .side_y1 .side_x0 .side_x1 .IMPLICIT_BOUNDARY
     bc_stress                      0.0                 .side_y0_fractures .side_y1_fractures .side_x0_fractures .side_x1_fractures .side_y0 .side_y1 .side_x0 .side_x1 .IMPLICIT_BOUNDARY
     load                           0.0                 fractures rock
     fracture_sigma                 1.0                 fractures rock
     initial_stress                 0.0                 fractures rock
     cross_section_min              0.0                 rock
    ----------------------------------------------------------------------------------------------------
    
- -             [ Log , null, "00:00:01.967", "/src/la/linsys_PERMON.cc", 116, "solve" ]
  - inserting petsc options: -ksp_type cg -pc_type hypre -pc_hypre_type boomeramg
- -             [ Log , null, "00:00:02.493", "/src/la/linsys_PERMON.cc", 159, "solve" ]
  - convergence reason 3, number of iterations is 0
- -             [ Msg , null, "00:00:02.494", "/src/mechanics/elasticity.cc", 518, "zero_time_step" ]
  - [mech solver] lin. it: 0, reason: 3, residual: 890352
- -             [ Log , null, "00:00:02.541", "/src/io/output_time.cc", 229, "write_time_frame" ]
  - Skipping output stream: /C/Plocha/Bachelor_thesis/Python_scripts/Raw_data/Dependence_on_xi_eta_beta/Dependence_on_beta/case_beta_pos_0_13/tensor/simulation_output/mechanics.pvd in time: -1
- -             [ Msg , null, "00:00:02.607", "/src/tools/time_governor.cc", 785, "view" ]
  - TG[HM]:000001    t:    1.0000    dt:  1.000000    dt_int<  0.000000,  1.000000>
- -             [ Msg , null, "00:00:02.608", "/src/flow/darcy_flow_lmh.cc", 566, "solve_time_step" ]
  - Flow time step - steady case
- -             [ Msg , null, "00:00:02.679", "/src/flow/darcy_flow_lmh.cc", 598, "solve_nonlinear" ]
  - [nonlinear solver] norm of initial residual: 0
- -             [ Log , null, "00:00:02.679", "/src/la/linsys_PETSC.cc", 371, "solve" ]
  - inserting petsc options: -ksp_type cg -pc_type icc  -pc_factor_levels 3 -ksp_diagonal_scale -ksp_diagonal_scale_fix -pc_factor_fill 6.0
- -             [ Log , null, "00:00:02.692", "/src/la/linsys_PETSC.cc", 409, "solve" ]
  - convergence reason 3, number of iterations is 0
- -             [ Msg , null, "00:00:02.692", "/src/flow/darcy_flow_lmh.cc", 642, "solve_nonlinear" ]
  - [schur solver] lin. it: 0, reason: 3, residual: 0
- -             [ Msg , null, "00:00:02.693", "/src/flow/darcy_flow_lmh.cc", 651, "solve_nonlinear" ]
  - [nonlinear solver] lin. it: 0, reason: 3, residual: 0
- -             [ Log , null, "00:00:03.317", "/src/la/linsys_PERMON.cc", 116, "solve" ]
  - inserting petsc options: -ksp_type cg -pc_type hypre -pc_hypre_type boomeramg
- -             [ Log , null, "00:00:03.807", "/src/la/linsys_PERMON.cc", 159, "solve" ]
  - convergence reason 3, number of iterations is 1
- -             [ Msg , null, "00:00:03.807", "/src/mechanics/elasticity.cc", 592, "solve_linear_system" ]
  - [mech solver] lin. it: 1, reason: 3, residual: 2.28223e+08
- -             [ Msg , null, "00:00:03.815", "/src/coupling/hm_iterative.cc", 379, "compute_iteration_error" ]
  - |
    HM Iteration 1 abs. difference: 0  rel. difference: 0
    --------------------------------------------------------
- -             [ Log , null, "00:00:03.882", "/src/io/output_time.cc", 229, "write_time_frame" ]
  - Skipping output stream: /C/Plocha/Bachelor_thesis/Python_scripts/Raw_data/Dependence_on_xi_eta_beta/Dependence_on_beta/case_beta_pos_0_13/tensor/simulation_output/flow_fields.pvd in time: -1
- -             [ Log , null, "00:00:03.938", "/src/io/output_time.cc", 214, "write_time_frame" ]
  - Write output to output stream: /C/Plocha/Bachelor_thesis/Python_scripts/Raw_data/Dependence_on_xi_eta_beta/Dependence_on_beta/case_beta_pos_0_13/tensor/simulation_output/mechanics.pvd for time: 0
- -             [ Log , null, "00:00:03.941", "/src/io/output_vtk.cc", 187, "write_data" ]
  - write_data: Writing output (frame: 0, rank: 0) file: mechanics/mechanics-000000.vtu ... 
- -             [ Log , null, "00:00:04.176", "/src/io/output_vtk.cc", 198, "write_data" ]
  - O.K.
- -             [ Msg , null, "00:00:04.216", "/src/tools/time_governor.cc", 785, "view" ]
  - TG[HM]:000002    t:    2.0000    dt:  1.000000    dt_int<  0.000000,  0.000000>
- -             [ Log , null, "00:00:04.829", "/src/la/linsys_PERMON.cc", 116, "solve" ]
  - inserting petsc options: -ksp_type cg -pc_type hypre -pc_hypre_type boomeramg
- -             [ Log , null, "00:00:05.540", "/src/la/linsys_PERMON.cc", 159, "solve" ]
  - convergence reason 3, number of iterations is 16
- -             [ Msg , null, "00:00:05.540", "/src/mechanics/elasticity.cc", 592, "solve_linear_system" ]
  - [mech solver] lin. it: 16, reason: 3, residual: 3.83518e+07
- -             [ Msg , null, "00:00:05.546", "/src/coupling/hm_iterative.cc", 379, "compute_iteration_error" ]
  - |
    HM Iteration 1 abs. difference: 0  rel. difference: 0
    --------------------------------------------------------
- -             [ Log , null, "00:00:05.613", "/src/io/output_time.cc", 229, "write_time_frame" ]
  - Skipping output stream: /C/Plocha/Bachelor_thesis/Python_scripts/Raw_data/Dependence_on_xi_eta_beta/Dependence_on_beta/case_beta_pos_0_13/tensor/simulation_output/flow_fields.pvd in time: -1
- -             [ Log , null, "00:00:05.670", "/src/io/output_time.cc", 214, "write_time_frame" ]
  - Write output to output stream: /C/Plocha/Bachelor_thesis/Python_scripts/Raw_data/Dependence_on_xi_eta_beta/Dependence_on_beta/case_beta_pos_0_13/tensor/simulation_output/mechanics.pvd for time: 1
- -             [ Log , null, "00:00:05.674", "/src/io/output_vtk.cc", 187, "write_data" ]
  - write_data: Writing output (frame: 1, rank: 0) file: mechanics/mechanics-000001.vtu ... 
- -             [ Log , null, "00:00:05.916", "/src/io/output_vtk.cc", 198, "write_data" ]
  - O.K.
- -             [ Log , null, "00:00:05.957", "/src/io/output_time.cc", 229, "write_time_frame" ]
  - Skipping output stream: /C/Plocha/Bachelor_thesis/Python_scripts/Raw_data/Dependence_on_xi_eta_beta/Dependence_on_beta/case_beta_pos_0_13/tensor/simulation_output/flow_fields.pvd in time: -1
- -             [ Log , null, "00:00:05.958", "/src/io/output_vtk.cc", 603, "write_tail" ]
  - write_tail: Writing output file (tail) /C/Plocha/Bachelor_thesis/Python_scripts/Raw_data/Dependence_on_xi_eta_beta/Dependence_on_beta/case_beta_pos_0_13/tensor/simulation_output/flow_fields.pvd ... 
- -             [ Log , null, "00:00:05.958", "/src/io/output_vtk.cc", 608, "write_tail" ]
  - O.K.
- -             [ Log , null, "00:00:05.959", "/src/io/output_time.cc", 119, "~OutputTime" ]
  - O.K.
- -             [ Log , null, "00:00:05.967", "/src/io/output_time.cc", 214, "write_time_frame" ]
  - Write output to output stream: /C/Plocha/Bachelor_thesis/Python_scripts/Raw_data/Dependence_on_xi_eta_beta/Dependence_on_beta/case_beta_pos_0_13/tensor/simulation_output/mechanics.pvd for time: 2
- -             [ Log , null, "00:00:05.971", "/src/io/output_vtk.cc", 187, "write_data" ]
  - write_data: Writing output (frame: 2, rank: 0) file: mechanics/mechanics-000002.vtu ... 
- -             [ Log , null, "00:00:06.211", "/src/io/output_vtk.cc", 198, "write_data" ]
  - O.K.
- -             [ Log , null, "00:00:06.211", "/src/io/output_vtk.cc", 603, "write_tail" ]
  - write_tail: Writing output file (tail) /C/Plocha/Bachelor_thesis/Python_scripts/Raw_data/Dependence_on_xi_eta_beta/Dependence_on_beta/case_beta_pos_0_13/tensor/simulation_output/mechanics.pvd ... 
- -             [ Log , null, "00:00:06.212", "/src/io/output_vtk.cc", 608, "write_tail" ]
  - O.K.
- -             [ Log , null, "00:00:06.213", "/src/io/output_time.cc", 119, "~OutputTime" ]
  - O.K.
